setting 'ivy.default.settings.dir' to 'jar:file:/C:/work_lift/sbt-launcher.jar!/org/apache/ivy/core/settings'
setting 'ivy.basedir' to 'C:\work_lift\.'
setting 'ivy.default.conf.dir' to 'jar:file:/C:/work_lift/sbt-launcher.jar!/org/apache/ivy/core/settings'
impossible to define new type: class not found: org.apache.ivy.plugins.version.PatternVersionMatcher in [] nor Ivy classloader
impossible to define new type: class not found: org.apache.ivy.plugins.trigger.LogTrigger in [] nor Ivy classloader
impossible to define new type: class not found: org.apache.ivy.plugins.resolver.VsftpResolver in [] nor Ivy classloader
impossible to define new type: class not found: org.apache.ivy.plugins.conflict.RegexpConflictManager in [] nor Ivy classloader
impossible to define new type: class not found: org.apache.ivy.plugins.resolver.SshResolver in [] nor Ivy classloader
impossible to define new type: class not found: org.apache.ivy.plugins.resolver.VfsResolver in [] nor Ivy classloader
impossible to define new type: class not found: org.apache.ivy.plugins.resolver.SFTPResolver in [] nor Ivy classloader
impossible to define new type: class not found: org.apache.ivy.plugins.resolver.packager.PackagerResolver in [] nor Ivy classloader
impossible to define new type: class not found: org.apache.ivy.ant.AntCallTrigger in [] nor Ivy classloader
impossible to define new type: class not found: org.apache.ivy.plugins.resolver.IvyRepResolver in [] nor Ivy classloader
impossible to define new type: class not found: org.apache.ivy.ant.AntBuildTrigger in [] nor Ivy classloader
impossible to define glob matcher: org.apache.ivy.plugins.matcher.GlobPatternMatcher was not found.
setting 'java.runtime.name' to 'Java(TM) SE Runtime Environment'
setting 'sun.boot.library.path' to 'C:\Program Files\Java\jre6\bin'
setting 'java.vm.version' to '19.1-b02'
setting 'java.vm.vendor' to 'Sun Microsystems Inc.'
setting 'java.vendor.url' to 'http://java.sun.com/'
setting 'path.separator' to ';'
setting 'java.vm.name' to 'Java HotSpot(TM) Client VM'
setting 'file.encoding.pkg' to 'sun.io'
setting 'sun.java.launcher' to 'SUN_STANDARD'
setting 'user.country' to 'JP'
setting 'sun.os.patch.level' to 'Service Pack 3'
setting 'java.vm.specification.name' to 'Java Virtual Machine Specification'
setting 'user.dir' to 'C:\work_lift'
setting 'java.runtime.version' to '1.6.0_24-b07'
setting 'java.awt.graphicsenv' to 'sun.awt.Win32GraphicsEnvironment'
setting 'java.endorsed.dirs' to 'C:\Program Files\Java\jre6\lib\endorsed'
setting 'os.arch' to 'x86'
setting 'java.io.tmpdir' to 'C:\DOCUME~1\oka\LOCALS~1\Temp\'
setting 'line.separator' to '
'
setting 'java.vm.specification.vendor' to 'Sun Microsystems Inc.'
setting 'user.variant' to ''
setting 'os.name' to 'Windows XP'
setting 'sun.jnu.encoding' to 'MS932'
setting 'java.library.path' to 'C:\WINDOWS\system32;.;C:\WINDOWS\Sun\Java\bin;C:\WINDOWS\system32;C:\WINDOWS;C:\Program Files\liftweb-1.0.1\bin;C:\Program Files\liftweb-1.0.1/apache-maven/bin;C:\WINDOWS\system32;C:\WINDOWS;C:\WINDOWS\System32\Wbem;c:\Program Files\Intel\WiFi\bin\;C:\Program Files\NTRU Cryptosystems\NTRU TCG Software Stack\bin\;C:\Program Files\Wave Systems Corp\Gemalto\Access Client\v5\;C:\WINDOWS\system32\WindowsPowerShell\v1.0;C:\app\scala-2.8.1.final\bin;C:\Program Files\Java\jdk1.6.0_24\bin'
setting 'java.specification.name' to 'Java Platform API Specification'
setting 'java.class.version' to '50.0'
setting 'sun.management.compiler' to 'HotSpot Client Compiler'
setting 'os.version' to '5.1'
setting 'user.home' to 'C:\Documents and Settings\oka'
setting 'user.timezone' to 'Asia/Tokyo'
setting 'java.awt.printerjob' to 'sun.awt.windows.WPrinterJob'
setting 'file.encoding' to 'MS932'
setting 'java.specification.version' to '1.6'
setting 'java.class.path' to 'C:\work_lift\\sbt-launcher.jar'
setting 'user.name' to 'oka'
setting 'java.vm.specification.version' to '1.0'
setting 'java.home' to 'C:\Program Files\Java\jre6'
setting 'sun.arch.data.model' to '32'
setting 'user.language' to 'ja'
setting 'java.specification.vendor' to 'Sun Microsystems Inc.'
setting 'awt.toolkit' to 'sun.awt.windows.WToolkit'
setting 'java.vm.info' to 'mixed mode, sharing'
setting 'java.version' to '1.6.0_24'
setting 'java.ext.dirs' to 'C:\Program Files\Java\jre6\lib\ext;C:\WINDOWS\Sun\Java\lib\ext'
setting 'sun.boot.class.path' to 'C:\Program Files\Java\jre6\lib\resources.jar;C:\Program Files\Java\jre6\lib\rt.jar;C:\Program Files\Java\jre6\lib\sunrsasign.jar;C:\Program Files\Java\jre6\lib\jsse.jar;C:\Program Files\Java\jre6\lib\jce.jar;C:\Program Files\Java\jre6\lib\charsets.jar;C:\Program Files\Java\jre6\lib\modules\jdk.boot.jar;C:\Program Files\Java\jre6\classes'
setting 'java.vendor' to 'Sun Microsystems Inc.'
setting 'file.separator' to '\'
setting 'java.vendor.url.bug' to 'http://java.sun.com/cgi-bin/bugreport.cgi'
setting 'sun.io.unicode.encoding' to 'UnicodeLittle'
setting 'sun.cpu.endian' to 'little'
setting 'sun.desktop' to 'windows'
setting 'sun.cpu.isalist' to 'pentium_pro+mmx pentium_pro pentium+mmx pentium i486 i386 i86'
setting 'ivy.default.ivy.user.dir' to 'C:\Documents and Settings\oka\.ivy2'
setting 'ivy.home' to 'C:\Documents and Settings\oka\.ivy2'
no default ivy user dir defined: set to C:\Documents and Settings\oka\.ivy2
setting 'ivy.cache.dir' to 'C:\Documents and Settings\oka\.ivy2\cache'
no default cache defined: set to C:\Documents and Settings\oka\.ivy2\cache
setting 'ivy.basedir' to 'C:\work_lift\project\boot'
setting 'basedir' to 'C:\work_lift\project\boot'
setting 'scala' to '2.8.1'
:: resolving dependencies :: org.scala-tools.sbt#boot-scala;1.0
	confs: [default]
	validate = true
	refresh = false
resolving dependencies for configuration 'default'
== resolving dependencies for org.scala-tools.sbt#boot-scala;1.0 [default]
loadData of org.scala-tools.sbt#boot-scala;1.0 of rootConf=default
== resolving dependencies org.scala-tools.sbt#boot-scala;1.0->org.scala-lang#scala-compiler;2.8.1 [default->default]
loadData of org.scala-lang#scala-compiler;2.8.1 of rootConf=default
	using redefined-public to resolve org.scala-lang#scala-compiler;2.8.1
redefined-public: Checking cache for: dependency: org.scala-lang#scala-compiler;2.8.1 {default=[default]}
redefined-public: no namespace defined: using system
No entry is found in the ModuleDescriptorCache : C:\Documents and Settings\oka\.ivy2\cache\org.scala-lang\scala-compiler\ivy-2.8.1.xml
pre 1.3 ivy file: using exactOrRegexp as default matcher
	found ivy file in cache for org.scala-lang#scala-compiler;2.8.1 (resolved by Maven Central): C:\Documents and Settings\oka\.ivy2\cache\org.scala-lang\scala-compiler\ivy-2.8.1.xml
redefined-public: module revision found in cache: org.scala-lang#scala-compiler;2.8.1
redefined-public: no latest strategy defined: using default
	found org.scala-lang#scala-compiler;2.8.1 in Maven Central
== resolving dependencies org.scala-tools.sbt#boot-scala;1.0->org.scala-lang#scala-compiler;2.8.1 [default->runtime]
loadData of org.scala-lang#scala-compiler;2.8.1 of rootConf=default
== resolving dependencies org.scala-tools.sbt#boot-scala;1.0->org.scala-lang#scala-compiler;2.8.1 [default->compile]
loadData of org.scala-lang#scala-compiler;2.8.1 of rootConf=default
== resolving dependencies org.scala-lang#scala-compiler;2.8.1->org.scala-lang#scala-library;2.8.1 [compile->master(*)]
loadData of org.scala-lang#scala-library;2.8.1 of rootConf=default
	using redefined-public to resolve org.scala-lang#scala-library;2.8.1
redefined-public: Checking cache for: dependency: org.scala-lang#scala-library;2.8.1 {compile=[compile(*), master(*)], runtime=[runtime(*)]}
No entry is found in the ModuleDescriptorCache : C:\Documents and Settings\oka\.ivy2\cache\org.scala-lang\scala-library\ivy-2.8.1.xml
pre 1.3 ivy file: using exactOrRegexp as default matcher
	found ivy file in cache for org.scala-lang#scala-library;2.8.1 (resolved by Maven Central): C:\Documents and Settings\oka\.ivy2\cache\org.scala-lang\scala-library\ivy-2.8.1.xml
redefined-public: module revision found in cache: org.scala-lang#scala-library;2.8.1
	found org.scala-lang#scala-library;2.8.1 in Maven Central
== resolving dependencies org.scala-lang#scala-compiler;2.8.1->org.scala-lang#scala-library;2.8.1 [compile->compile(*)]
loadData of org.scala-lang#scala-library;2.8.1 of rootConf=default
== resolving dependencies org.scala-lang#scala-compiler;2.8.1->org.scala-lang#scala-library;2.8.1 [compile->default]
loadData of org.scala-lang#scala-library;2.8.1 of rootConf=default
== resolving dependencies org.scala-lang#scala-compiler;2.8.1->org.scala-lang#scala-library;2.8.1 [compile->runtime]
loadData of org.scala-lang#scala-library;2.8.1 of rootConf=default
== resolving dependencies org.scala-lang#scala-compiler;2.8.1->org.scala-lang#scala-library;2.8.1 [compile->compile]
loadData of org.scala-lang#scala-library;2.8.1 of rootConf=default
== resolving dependencies org.scala-lang#scala-compiler;2.8.1->org.scala-lang#scala-library;2.8.1 [compile->master]
loadData of org.scala-lang#scala-library;2.8.1 of rootConf=default
== resolving dependencies org.scala-lang#scala-compiler;2.8.1->org.scala-lang#scala-library;2.8.1 [runtime->runtime(*)]
loadData of org.scala-lang#scala-library;2.8.1 of rootConf=default
== resolving dependencies org.scala-lang#scala-compiler;2.8.1->org.scala-lang#scala-library;2.8.1 [runtime->compile]
loadData of org.scala-lang#scala-library;2.8.1 of rootConf=default
default is loaded and no conf to load.  Skip loading
== resolving dependencies org.scala-tools.sbt#boot-scala;1.0->org.scala-lang#scala-compiler;2.8.1 [default->master]
loadData of org.scala-lang#scala-compiler;2.8.1 of rootConf=default
== resolving dependencies org.scala-tools.sbt#boot-scala;1.0->org.scala-lang#scala-library;2.8.1 [default->default]
loadData of org.scala-lang#scala-library;2.8.1 of rootConf=default
default is loaded and no conf to load.  Skip loading
== resolving dependencies org.scala-tools.sbt#boot-scala;1.0->org.scala-lang#scala-library;2.8.1 [default->runtime]
loadData of org.scala-lang#scala-library;2.8.1 of rootConf=default
default is loaded and no conf to load.  Skip loading
== resolving dependencies org.scala-tools.sbt#boot-scala;1.0->org.scala-lang#scala-library;2.8.1 [default->compile]
loadData of org.scala-lang#scala-library;2.8.1 of rootConf=default
default is loaded and no conf to load.  Skip loading
== resolving dependencies org.scala-tools.sbt#boot-scala;1.0->org.scala-lang#scala-library;2.8.1 [default->master]
loadData of org.scala-lang#scala-library;2.8.1 of rootConf=default
default is loaded and no conf to load.  Skip loading
Nbr of module to sort : 2
Sort dependencies of : org.scala-lang#scala-compiler;2.8.1 / Number of dependencies = 2
Sort dependencies of : org.scala-lang#scala-library;2.8.1 / Number of dependencies = 0
Sort done for : org.scala-lang#scala-library;2.8.1
Sort done for : org.scala-lang#scala-compiler;2.8.1
Module descriptor is processed : org.scala-lang#scala-library;2.8.1
	resolved ivy file produced in C:\Documents and Settings\oka\.ivy2\cache\resolved-org.scala-tools.sbt-boot-scala-1.0.xml
:: downloading artifacts ::
	[NOT REQUIRED] org.scala-lang#scala-compiler;2.8.1!scala-compiler.jar
	[NOT REQUIRED] org.scala-lang#scala-library;2.8.1!scala-library.jar
:: resolution report :: resolve 78ms :: artifacts dl 0ms
Nbr of module to sort : 2
Sort dependencies of : org.scala-lang#scala-compiler;2.8.1 / Number of dependencies = 2
Sort dependencies of : org.scala-lang#scala-library;2.8.1 / Number of dependencies = 0
Sort done for : org.scala-lang#scala-library;2.8.1
Sort done for : org.scala-lang#scala-compiler;2.8.1
Module descriptor is processed : org.scala-lang#scala-library;2.8.1
	report for org.scala-tools.sbt#boot-scala;1.0 default produced in C:\Documents and Settings\oka\.ivy2\cache\org.scala-tools.sbt-boot-scala-default.xml
	resolve done (78ms resolve - 0ms download)
:: retrieving :: org.scala-tools.sbt#boot-scala
	checkUpToDate=true
no explicit confs given for retrieve, using ivy file: C:\Documents and Settings\oka\.ivy2\cache\resolved-org.scala-tools.sbt-boot-scala-1.0.xml
using ivy parser to parse C:\Documents and Settings\oka\.ivy2\cache\resolved-org.scala-tools.sbt-boot-scala-1.0.xml
pre 1.3 ivy file: using exactOrRegexp as default matcher
	confs: [default]
	retrieving C:\Documents and Settings\oka\.ivy2\cache\org.scala-lang\scala-library\jars\scala-library-2.8.1.jar
		to C:\work_lift\project\boot\scala-2.8.1\lib\scala-library.jar
	retrieving C:\Documents and Settings\oka\.ivy2\cache\org.scala-lang\scala-compiler\jars\scala-compiler-2.8.1.jar
		to C:\work_lift\project\boot\scala-2.8.1\lib\scala-compiler.jar
	2 artifacts copied, 0 already retrieved (15118kB/2687ms)
	retrieve done (2687ms)
